[2023-12-23 10:35:41] local.ERROR: syntax error, unexpected identifier "response", expecting ":" {"exception":"[object] (ParseError(code: 0): syntax error, unexpected identifier \"response\", expecting \":\" at C:\\Users\\ismae\\Desktop\\Desarrollo Fack-End PHP\\Laravel\\laravel-back-event\\routes\\web.php:62)
[stacktrace]
#0 C:\\Users\\ismae\\Desktop\\Desarrollo Fack-End PHP\\Laravel\\laravel-back-event\\vendor\\laravel\\framework\\src\\Illuminate\\Routing\\Router.php(511): Illuminate\\Routing\\RouteFileRegistrar->register('C:\\\\Users\\\\ismae\\\\...')
#1 C:\\Users\\ismae\\Desktop\\Desarrollo Fack-End PHP\\Laravel\\laravel-back-event\\vendor\\laravel\\framework\\src\\Illuminate\\Routing\\Router.php(465): Illuminate\\Routing\\Router->loadRoutes('C:\\\\Users\\\\ismae\\\\...')
#2 C:\\Users\\ismae\\Desktop\\Desarrollo Fack-End PHP\\Laravel\\laravel-back-event\\vendor\\laravel\\framework\\src\\Illuminate\\Routing\\RouteRegistrar.php(194): Illuminate\\Routing\\Router->group(Array, 'C:\\\\Users\\\\ismae\\\\...')
#3 C:\\Users\\ismae\\Desktop\\Desarrollo Fack-End PHP\\Laravel\\laravel-back-event\\app\\Providers\\RouteServiceProvider.php(37): Illuminate\\Routing\\RouteRegistrar->group('C:\\\\Users\\\\ismae\\\\...')
#4 C:\\Users\\ismae\\Desktop\\Desarrollo Fack-End PHP\\Laravel\\laravel-back-event\\vendor\\laravel\\framework\\src\\Illuminate\\Container\\BoundMethod.php(36): App\\Providers\\RouteServiceProvider->App\\Providers\\{closure}()
#5 C:\\Users\\ismae\\Desktop\\Desarrollo Fack-End PHP\\Laravel\\laravel-back-event\\vendor\\laravel\\framework\\src\\Illuminate\\Container\\Util.php(41): Illuminate\\Container\\BoundMethod::Illuminate\\Container\\{closure}()
#6 C:\\Users\\ismae\\Desktop\\Desarrollo Fack-End PHP\\Laravel\\laravel-back-event\\vendor\\laravel\\framework\\src\\Illuminate\\Container\\BoundMethod.php(81): Illuminate\\Container\\Util::unwrapIfClosure(Object(Closure))
#7 C:\\Users\\ismae\\Desktop\\Desarrollo Fack-End PHP\\Laravel\\laravel-back-event\\vendor\\laravel\\framework\\src\\Illuminate\\Container\\BoundMethod.php(35): Illuminate\\Container\\BoundMethod::callBoundMethod(Object(Illuminate\\Foundation\\Application), Object(Closure), Object(Closure))
#8 C:\\Users\\ismae\\Desktop\\Desarrollo Fack-End PHP\\Laravel\\laravel-back-event\\vendor\\laravel\\framework\\src\\Illuminate\\Container\\Container.php(662): Illuminate\\Container\\BoundMethod::call(Object(Illuminate\\Foundation\\Application), Object(Closure), Array, NULL)
#9 C:\\Users\\ismae\\Desktop\\Desarrollo Fack-End PHP\\Laravel\\laravel-back-event\\vendor\\laravel\\framework\\src\\Illuminate\\Foundation\\Support\\Providers\\RouteServiceProvider.php(120): Illuminate\\Container\\Container->call(Object(Closure))
#10 C:\\Users\\ismae\\Desktop\\Desarrollo Fack-End PHP\\Laravel\\laravel-back-event\\vendor\\laravel\\framework\\src\\Illuminate\\Foundation\\Support\\Providers\\RouteServiceProvider.php(45): Illuminate\\Foundation\\Support\\Providers\\RouteServiceProvider->loadRoutes()
#11 C:\\Users\\ismae\\Desktop\\Desarrollo Fack-End PHP\\Laravel\\laravel-back-event\\vendor\\laravel\\framework\\src\\Illuminate\\Container\\BoundMethod.php(36): Illuminate\\Foundation\\Support\\Providers\\RouteServiceProvider->Illuminate\\Foundation\\Support\\Providers\\{closure}()
#12 C:\\Users\\ismae\\Desktop\\Desarrollo Fack-End PHP\\Laravel\\laravel-back-event\\vendor\\laravel\\framework\\src\\Illuminate\\Container\\Util.php(41): Illuminate\\Container\\BoundMethod::Illuminate\\Container\\{closure}()
#13 C:\\Users\\ismae\\Desktop\\Desarrollo Fack-End PHP\\Laravel\\laravel-back-event\\vendor\\laravel\\framework\\src\\Illuminate\\Container\\BoundMethod.php(81): Illuminate\\Container\\Util::unwrapIfClosure(Object(Closure))
#14 C:\\Users\\ismae\\Desktop\\Desarrollo Fack-End PHP\\Laravel\\laravel-back-event\\vendor\\laravel\\framework\\src\\Illuminate\\Container\\BoundMethod.php(35): Illuminate\\Container\\BoundMethod::callBoundMethod(Object(Illuminate\\Foundation\\Application), Object(Closure), Object(Closure))
#15 C:\\Users\\ismae\\Desktop\\Desarrollo Fack-End PHP\\Laravel\\laravel-back-event\\vendor\\laravel\\framework\\src\\Illuminate\\Container\\Container.php(662): Illuminate\\Container\\BoundMethod::call(Object(Illuminate\\Foundation\\Application), Object(Closure), Array, NULL)
#16 C:\\Users\\ismae\\Desktop\\Desarrollo Fack-End PHP\\Laravel\\laravel-back-event\\vendor\\laravel\\framework\\src\\Illuminate\\Support\\ServiceProvider.php(119): Illuminate\\Container\\Container->call(Object(Closure))
#17 C:\\Users\\ismae\\Desktop\\Desarrollo Fack-End PHP\\Laravel\\laravel-back-event\\vendor\\laravel\\framework\\src\\Illuminate\\Foundation\\Application.php(1031): Illuminate\\Support\\ServiceProvider->callBootedCallbacks()
#18 C:\\Users\\ismae\\Desktop\\Desarrollo Fack-End PHP\\Laravel\\laravel-back-event\\vendor\\laravel\\framework\\src\\Illuminate\\Foundation\\Application.php(1009): Illuminate\\Foundation\\Application->bootProvider(Object(App\\Providers\\RouteServiceProvider))
#19 [internal function]: Illuminate\\Foundation\\Application->Illuminate\\Foundation\\{closure}(Object(App\\Providers\\RouteServiceProvider), 24)
#20 C:\\Users\\ismae\\Desktop\\Desarrollo Fack-End PHP\\Laravel\\laravel-back-event\\vendor\\laravel\\framework\\src\\Illuminate\\Foundation\\Application.php(1008): array_walk(Array, Object(Closure))
#21 C:\\Users\\ismae\\Desktop\\Desarrollo Fack-End PHP\\Laravel\\laravel-back-event\\vendor\\laravel\\framework\\src\\Illuminate\\Foundation\\Bootstrap\\BootProviders.php(17): Illuminate\\Foundation\\Application->boot()
#22 C:\\Users\\ismae\\Desktop\\Desarrollo Fack-End PHP\\Laravel\\laravel-back-event\\vendor\\laravel\\framework\\src\\Illuminate\\Foundation\\Application.php(261): Illuminate\\Foundation\\Bootstrap\\BootProviders->bootstrap(Object(Illuminate\\Foundation\\Application))
#23 C:\\Users\\ismae\\Desktop\\Desarrollo Fack-End PHP\\Laravel\\laravel-back-event\\vendor\\laravel\\framework\\src\\Illuminate\\Foundation\\Console\\Kernel.php(447): Illuminate\\Foundation\\Application->bootstrapWith(Array)
#24 C:\\Users\\ismae\\Desktop\\Desarrollo Fack-End PHP\\Laravel\\laravel-back-event\\vendor\\laravel\\framework\\src\\Illuminate\\Foundation\\Console\\Kernel.php(199): Illuminate\\Foundation\\Console\\Kernel->bootstrap()
#25 Command line code(1): Illuminate\\Foundation\\Console\\Kernel->handle(Object(Symfony\\Component\\Console\\Input\\ArgvInput), Object(Symfony\\Component\\Console\\Output\\ConsoleOutput))
#26 {main}
"} 
